
/************************************************************************************************************************************/
/*                                                                                                                                  */
/*                                     ISOLAR-A : Headless EcuExtract Report                                                       */
/*                                                                                                                                  */

/************************************************************************************************************************************/

[Command Line Arguments ] : [-ecuextract, --ecuinstance=RDCU]


/************************************************************************************************************************************/
/*                                                                                                                                  */
/*                                Following problems occurred during EcuExtract */
/*                                                                                                                                  */

/************************************************************************************************************************************/
[[CMD_ECUEXTR_ERROR ] : Given EcuInstance is not configured in any System with category "SYSTEM_EXTRACT/SYSTEM_DESCRIPTION".
]



EcuExtract is aborted. Check errors for more details.


Generated on 2024/06/02 15:33:05
/******************************************************END OF REPORT*****************************************************************/

/************************************************************************************************************************************/
/*                                                                                                                                  */
/*                                     ISOLAR-A : Headless EcuExtract Report                                                       */
/*                                                                                                                                  */

/************************************************************************************************************************************/

[Command Line Arguments ] : [-ecuextract, --ecuinstance=RDCU]


/************************************************************************************************************************************/
/*                                                                                                                                  */
/*                                Following problems occurred during EcuExtract */
/*                                                                                                                                  */

/************************************************************************************************************************************/
[[CMD_ECUEXTR_ERROR ] : Given EcuInstance is not configured in any System with category "SYSTEM_EXTRACT/SYSTEM_DESCRIPTION".
]



EcuExtract is aborted. Check errors for more details.


Generated on 2024/06/02 21:31:25
/******************************************************END OF REPORT*****************************************************************/

/************************************************************************************************************************************/
/*                                                                                                                                  */
/*                                     ISOLAR-A : Headless EcuExtract Report                                                       */
/*                                                                                                                                  */

/************************************************************************************************************************************/

[Command Line Arguments ] : [-ecuextract, --ecuinstance=RDCU]


/************************************************************************************************************************************/
/*                                                                                                                                  */
/*                                Following problems occurred during EcuExtract */
/*                                                                                                                                  */

/************************************************************************************************************************************/
[[CMD_ECUEXTR_ERROR ] : Given EcuInstance is not configured in any System with category "SYSTEM_EXTRACT/SYSTEM_DESCRIPTION".
]



EcuExtract is aborted. Check errors for more details.


Generated on 2024/06/02 21:32:16
/******************************************************END OF REPORT*****************************************************************/
